#
# There is insufficient memory for the Java Runtime Environment to continue.
# Native memory allocation (malloc) failed to allocate 1048576 bytes. Error detail: AllocateHeap
# Possible reasons:
#   The system is out of physical RAM or swap space
#   This process is running with CompressedOops enabled, and the Java Heap may be blocking the growth of the native heap
# Possible solutions:
#   Reduce memory load on the system
#   Increase physical memory or swap space
#   Check if swap backing store is full
#   Decrease Java heap size (-Xmx/-Xms)
#   Decrease number of Java threads
#   Decrease Java thread stack sizes (-Xss)
#   Set larger code cache with -XX:ReservedCodeCacheSize=
#   JVM is running with Unscaled Compressed Oops mode in which the Java heap is
#     placed in the first 4GB address space. The Java Heap base address is the
#     maximum limit for the native heap growth. Please use -XX:HeapBaseMinAddress
#     to set the Java Heap base and to place the Java Heap above 4GB virtual address.
# This output file may be truncated or incomplete.
#
#  Out of Memory Error (allocation.cpp:44), pid=24628, tid=4960
#
# JRE version: OpenJDK Runtime Environment Temurin-21.0.10+7 (21.0.10+7) (build 21.0.10+7-LTS)
# Java VM: OpenJDK 64-Bit Server VM Temurin-21.0.10+7 (21.0.10+7-LTS, mixed mode, sharing, tiered, compressed oops, compressed class ptrs, parallel gc, windows-amd64)
# No core dump will be written. Minidumps are not enabled by default on client versions of Windows
#

---------------  S U M M A R Y ------------

Command Line: --add-modules=ALL-SYSTEM --add-opens=java.base/java.util=ALL-UNNAMED --add-opens=java.base/java.lang=ALL-UNNAMED --add-opens=java.base/sun.nio.fs=ALL-UNNAMED -Declipse.application=org.eclipse.jdt.ls.core.id1 -Dosgi.bundles.defaultStartLevel=4 -Declipse.product=org.eclipse.jdt.ls.core.product -Djava.import.generatesMetadataFilesAtProjectRoot=false -DDetectVMInstallationsJob.disabled=true -Dfile.encoding=utf8 -XX:+UseParallelGC -XX:GCTimeRatio=4 -XX:AdaptiveSizePolicyWeight=90 -Dsun.zip.disableMemoryMapping=true -Xmx2G -Xms100m -Xlog:disable -javaagent:c:\Users\ASUS\.vscode\extensions\redhat.java-1.53.0-win32-x64\lombok\lombok-1.18.39-4050.jar -XX:+HeapDumpOnOutOfMemoryError -XX:HeapDumpPath=c:\Users\ASUS\AppData\Roaming\Code\User\workspaceStorage\9bd25d08c76492e86a1692e3bad11654\redhat.java -Daether.dependencyCollector.impl=bf c:\Users\ASUS\.vscode\extensions\redhat.java-1.53.0-win32-x64\server\plugins\org.eclipse.equinox.launcher_1.7.100.v20251111-0406.jar -configuration c:\Users\ASUS\AppData\Roaming\Code\User\globalStorage\redhat.java\1.53.0\config_win -data c:\Users\ASUS\AppData\Roaming\Code\User\workspaceStorage\9bd25d08c76492e86a1692e3bad11654\redhat.java\jdt_ws --pipe=\\.\pipe\lsp-8cc412dd03251d6392973e03c163d6e3-sock

Host: AMD Ryzen 7 7435HS                             , 16 cores, 7G,  Windows 11 , 64 bit Build 26100 (10.0.26100.7920)
Time: Sat Mar 14 21:07:50 2026 Bangladesh Standard Time elapsed time: 15092.115931 seconds (0d 4h 11m 32s)

---------------  T H R E A D  ---------------

Current thread (0x00000159f94cc170):  JavaThread "Attach Listener" daemon [_thread_in_vm, id=4960, stack(0x000000127f600000,0x000000127f700000) (1024K)]

Stack: [0x000000127f600000,0x000000127f700000]
Native frames: (J=compiled Java code, j=interpreted, Vv=VM code, C=native code)
V  [jvm.dll+0x6d7a39]
V  [jvm.dll+0x8b4b26]
V  [jvm.dll+0x8b70de]
V  [jvm.dll+0x8b77c3]
V  [jvm.dll+0x284346]
V  [jvm.dll+0xc1277]
V  [jvm.dll+0x6d82e9]
V  [jvm.dll+0x1334a6]
V  [jvm.dll+0x3f857e]
V  [jvm.dll+0x85f59d]
V  [jvm.dll+0x6d626d]
C  [ucrtbase.dll+0x37b0]
C  [KERNEL32.DLL+0x2e8d7]
C  [ntdll.dll+0x8c48c]


---------------  P R O C E S S  ---------------

Threads class SMR info:
_java_thread_list=0x00000159d9e89860, length=43, elements={
0x00000159f941bac0, 0x00000159f94c37c0, 0x00000159f94c3fd0, 0x00000159f94c9380,
0x00000159f94cc170, 0x00000159f94d1bb0, 0x00000159f94db9c0, 0x00000159fe287d40,
0x00000159fe2894a0, 0x00000159fe492220, 0x00000159d80fa540, 0x00000159d89db860,
0x00000159fe34c240, 0x00000159d818e0d0, 0x00000159fe2eadb0, 0x00000159d8aac910,
0x00000159fe3cee00, 0x00000159fe3bf2d0, 0x00000159d8d87d10, 0x00000159d8d890c0,
0x00000159d8d862d0, 0x00000159d927ef10, 0x00000159d927f5a0, 0x00000159d927c7b0,
0x00000159d927d4d0, 0x00000159d927db60, 0x00000159d927e880, 0x00000159d92802c0,
0x00000159d927fc30, 0x00000159d927e1f0, 0x00000159d927ce40, 0x00000159d9283dd0,
0x00000159d9280950, 0x00000159d92830b0, 0x00000159d9283740, 0x00000159d9281670,
0x00000159d9280fe0, 0x00000159d9281d00, 0x00000159d9282a20, 0x00000159da72d330,
0x00000159da7307b0, 0x00000159e5afc4b0, 0x00000159da72b8f0
}

Java Threads: ( => current thread )
  0x00000159f941bac0 JavaThread "main"                              [_thread_blocked, id=27888, stack(0x000000127ef00000,0x000000127f000000) (1024K)]
  0x00000159f94c37c0 JavaThread "Reference Handler"          daemon [_thread_blocked, id=7080, stack(0x000000127f300000,0x000000127f400000) (1024K)]
  0x00000159f94c3fd0 JavaThread "Finalizer"                  daemon [_thread_blocked, id=34516, stack(0x000000127f400000,0x000000127f500000) (1024K)]
  0x00000159f94c9380 JavaThread "Signal Dispatcher"          daemon [_thread_blocked, id=37780, stack(0x000000127f500000,0x000000127f600000) (1024K)]
=>0x00000159f94cc170 JavaThread "Attach Listener"            daemon [_thread_in_vm, id=4960, stack(0x000000127f600000,0x000000127f700000) (1024K)]
  0x00000159f94d1bb0 JavaThread "Service Thread"             daemon [_thread_blocked, id=5900, stack(0x000000127f700000,0x000000127f800000) (1024K)]
  0x00000159f94db9c0 JavaThread "Monitor Deflation Thread"   daemon [_thread_blocked, id=35864, stack(0x000000127f800000,0x000000127f900000) (1024K)]
  0x00000159fe287d40 JavaThread "C2 CompilerThread0"         daemon [_thread_blocked, id=13516, stack(0x000000127f900000,0x000000127fa00000) (1024K)]
  0x00000159fe2894a0 JavaThread "C1 CompilerThread0"         daemon [_thread_blocked, id=41228, stack(0x000000127fa00000,0x000000127fb00000) (1024K)]
  0x00000159fe492220 JavaThread "Common-Cleaner"             daemon [_thread_blocked, id=31144, stack(0x000000127fd00000,0x000000127fe00000) (1024K)]
  0x00000159d80fa540 JavaThread "Notification Thread"        daemon [_thread_blocked, id=30432, stack(0x0000001200000000,0x0000001200100000) (1024K)]
  0x00000159d89db860 JavaThread "Active Thread: Equinox Container: e0342f1e-9bf7-4b84-961b-ddc7cfa1c38c"        [_thread_blocked, id=39744, stack(0x0000001200800000,0x0000001200900000) (1024K)]
  0x00000159fe34c240 JavaThread "Refresh Thread: Equinox Container: e0342f1e-9bf7-4b84-961b-ddc7cfa1c38c" daemon [_thread_blocked, id=28912, stack(0x0000001200100000,0x0000001200200000) (1024K)]
  0x00000159d818e0d0 JavaThread "Framework Event Dispatcher: Equinox Container: e0342f1e-9bf7-4b84-961b-ddc7cfa1c38c" daemon [_thread_blocked, id=31500, stack(0x0000001200a00000,0x0000001200b00000) (1024K)]
  0x00000159fe2eadb0 JavaThread "Start Level: Equinox Container: e0342f1e-9bf7-4b84-961b-ddc7cfa1c38c" daemon [_thread_blocked, id=6784, stack(0x0000001200b00000,0x0000001200c00000) (1024K)]
  0x00000159d8aac910 JavaThread "Bundle File Closer"         daemon [_thread_blocked, id=22380, stack(0x0000001201100000,0x0000001201200000) (1024K)]
  0x00000159fe3cee00 JavaThread "SCR Component Actor"        daemon [_thread_blocked, id=21652, stack(0x0000001201200000,0x0000001201300000) (1024K)]
  0x00000159fe3bf2d0 JavaThread "Worker-JM"                         [_thread_blocked, id=39996, stack(0x0000001201400000,0x0000001201500000) (1024K)]
  0x00000159d8d87d10 JavaThread "JNA Cleaner"                daemon [_thread_blocked, id=13324, stack(0x0000001201700000,0x0000001201800000) (1024K)]
  0x00000159d8d890c0 JavaThread "Java indexing"              daemon [_thread_blocked, id=14312, stack(0x0000001201c00000,0x0000001201d00000) (1024K)]
  0x00000159d8d862d0 JavaThread "Thread-1"                   daemon [_thread_in_native, id=29356, stack(0x0000001202100000,0x0000001202200000) (1024K)]
  0x00000159d927ef10 JavaThread "Thread-2"                   daemon [_thread_in_native, id=4564, stack(0x0000001202200000,0x0000001202300000) (1024K)]
  0x00000159d927f5a0 JavaThread "Thread-3"                   daemon [_thread_in_native, id=17172, stack(0x0000001202300000,0x0000001202400000) (1024K)]
  0x00000159d927c7b0 JavaThread "Thread-4"                   daemon [_thread_in_native, id=35384, stack(0x0000001202400000,0x0000001202500000) (1024K)]
  0x00000159d927d4d0 JavaThread "Thread-5"                   daemon [_thread_in_native, id=20580, stack(0x0000001202500000,0x0000001202600000) (1024K)]
  0x00000159d927db60 JavaThread "Thread-6"                   daemon [_thread_in_native, id=32348, stack(0x0000001202600000,0x0000001202700000) (1024K)]
  0x00000159d927e880 JavaThread "Thread-7"                   daemon [_thread_in_native, id=14764, stack(0x0000001202700000,0x0000001202800000) (1024K)]
  0x00000159d92802c0 JavaThread "Thread-8"                   daemon [_thread_in_native, id=35952, stack(0x0000001202800000,0x0000001202900000) (1024K)]
  0x00000159d927fc30 JavaThread "Thread-9"                   daemon [_thread_in_native, id=17704, stack(0x0000001202900000,0x0000001202a00000) (1024K)]
  0x00000159d927e1f0 JavaThread "Thread-10"                  daemon [_thread_in_native, id=10932, stack(0x0000001202a00000,0x0000001202b00000) (1024K)]
  0x00000159d927ce40 JavaThread "Thread-11"                  daemon [_thread_in_native, id=28932, stack(0x0000001202b00000,0x0000001202c00000) (1024K)]
  0x00000159d9283dd0 JavaThread "Thread-12"                  daemon [_thread_in_native, id=22596, stack(0x0000001202c00000,0x0000001202d00000) (1024K)]
  0x00000159d9280950 JavaThread "Thread-13"                  daemon [_thread_in_native, id=19908, stack(0x0000001202d00000,0x0000001202e00000) (1024K)]
  0x00000159d92830b0 JavaThread "Thread-14"                  daemon [_thread_in_native, id=17836, stack(0x0000001202e00000,0x0000001202f00000) (1024K)]
  0x00000159d9283740 JavaThread "Thread-15"                  daemon [_thread_in_native, id=28428, stack(0x0000001202f00000,0x0000001203000000) (1024K)]
  0x00000159d9281670 JavaThread "Thread-16"                  daemon [_thread_in_native, id=30612, stack(0x0000001203000000,0x0000001203100000) (1024K)]
  0x00000159d9280fe0 JavaThread "Thread-17"                  daemon [_thread_in_native, id=41548, stack(0x0000001203100000,0x0000001203200000) (1024K)]
  0x00000159d9281d00 JavaThread "pool-2-thread-1"                   [_thread_blocked, id=16608, stack(0x0000001203200000,0x0000001203300000) (1024K)]
  0x00000159d9282a20 JavaThread "WorkspaceEventsHandler"            [_thread_blocked, id=36120, stack(0x0000001203400000,0x0000001203500000) (1024K)]
  0x00000159da72d330 JavaThread "pool-1-thread-1"                   [_thread_blocked, id=11192, stack(0x0000001203500000,0x0000001203600000) (1024K)]
  0x00000159da7307b0 JavaThread "Cleaner-0"                  daemon [_thread_blocked, id=25864, stack(0x0000001203c00000,0x0000001203d00000) (1024K)]
  0x00000159e5afc4b0 JavaThread "Worker-40"                         [_thread_blocked, id=26516, stack(0x0000001203700000,0x0000001203800000) (1024K)]
  0x00000159da72b8f0 JavaThread "Worker-43"                         [_thread_blocked, id=31776, stack(0x0000001201300000,0x0000001201400000) (1024K)]
Total: 43

Other Threads:
  0x00000159f94be820 VMThread "VM Thread"                           [id=29680, stack(0x000000127f200000,0x000000127f300000) (1024K)]
  0x00000159fcdaba00 WatcherThread "VM Periodic Task Thread"        [id=21392, stack(0x000000127f100000,0x000000127f200000) (1024K)]
  0x00000159f943a210 WorkerThread "GC Thread#0"                     [id=35096, stack(0x000000127f000000,0x000000127f100000) (1024K)]
  0x00000159d87571e0 WorkerThread "GC Thread#1"                     [id=29340, stack(0x0000001200200000,0x0000001200300000) (1024K)]
  0x00000159d8757590 WorkerThread "GC Thread#2"                     [id=7868, stack(0x0000001200300000,0x0000001200400000) (1024K)]
  0x00000159d8757940 WorkerThread "GC Thread#3"                     [id=15232, stack(0x0000001200400000,0x0000001200500000) (1024K)]
  0x00000159d8757cf0 WorkerThread "GC Thread#4"                     [id=2520, stack(0x0000001200500000,0x0000001200600000) (1024K)]
  0x00000159d87fdb40 WorkerThread "GC Thread#5"                     [id=8864, stack(0x0000001200600000,0x0000001200700000) (1024K)]
  0x00000159d864da10 WorkerThread "GC Thread#6"                     [id=37184, stack(0x0000001200700000,0x0000001200800000) (1024K)]
  0x00000159d864e520 WorkerThread "GC Thread#7"                     [id=35540, stack(0x0000001200900000,0x0000001200a00000) (1024K)]
  0x00000159d864e170 WorkerThread "GC Thread#8"                     [id=8992, stack(0x0000001200d00000,0x0000001200e00000) (1024K)]
  0x00000159d864d660 WorkerThread "GC Thread#9"                     [id=22052, stack(0x0000001200e00000,0x0000001200f00000) (1024K)]
  0x00000159d864e8d0 WorkerThread "GC Thread#10"                    [id=13380, stack(0x0000001200f00000,0x0000001201000000) (1024K)]
  0x00000159d864d2b0 WorkerThread "GC Thread#11"                    [id=32712, stack(0x0000001201500000,0x0000001201600000) (1024K)]
  0x00000159d83d1a20 WorkerThread "GC Thread#12"                    [id=24996, stack(0x0000001201600000,0x0000001201700000) (1024K)]
Total: 15

Threads with active compile tasks:
Total: 0

VM state: not at safepoint (normal execution)

VM Mutex/Monitor currently owned by a thread: None

Heap address: 0x0000000080000000, size: 2048 MB, Compressed Oops mode: 32-bit

CDS archive(s) mapped at: [0x0000015993000000-0x0000015993ba0000-0x0000015993ba0000), size 12189696, SharedBaseAddress: 0x0000015993000000, ArchiveRelocationMode: 1.
Compressed class space mapped at: 0x0000015994000000-0x00000159d4000000, reserved size: 1073741824
Narrow klass base: 0x0000015993000000, Narrow klass shift: 0, Narrow klass range: 0x100000000

GC Precious Log:
 CardTable entry size: 512
 CPUs: 16 total, 16 available
 Memory: 8010M
 Large Page Support: Disabled
 NUMA Support: Disabled
 Compressed Oops: Enabled (32-bit)
 Alignments: Space 512K, Generation 512K, Heap 2M
 Heap Min Capacity: 100M
 Heap Initial Capacity: 100M
 Heap Max Capacity: 2G
 Pre-touch: Disabled
 Parallel Workers: 13

Heap:
 PSYoungGen      total 2560K, used 696K [0x00000000d5580000, 0x00000000d5980000, 0x0000000100000000)
  eden space 2048K, 19% used [0x00000000d5580000,0x00000000d55e6388,0x00000000d5780000)
  from space 512K, 56% used [0x00000000d5880000,0x00000000d58c8000,0x00000000d5900000)
  to   space 512K, 0% used [0x00000000d5900000,0x00000000d5900000,0x00000000d5980000)
 ParOldGen       total 1204224K, used 1204028K [0x0000000080000000, 0x00000000c9800000, 0x00000000d5580000)
  object space 1204224K, 99% used [0x0000000080000000,0x00000000c97cf128,0x00000000c9800000)
 Metaspace       used 97054K, committed 98752K, reserved 1179648K
  class space    used 9382K, committed 10176K, reserved 1048576K

Card table byte_map: [0x00000159f8dc0000,0x00000159f91d0000] _byte_map_base: 0x00000159f89c0000

Marking Bits: (ParMarkBitMap*) 0x00007fffed103450
 Begin Bits: [0x000001598f000000, 0x0000015991000000)
 End Bits:   [0x0000015991000000, 0x0000015993000000)

Polling page: 0x00000159f72d0000

Metaspace:

Usage:
  Non-class:     85.62 MB used.
      Class:      9.16 MB used.
       Both:     94.78 MB used.

Virtual space:
  Non-class space:      128.00 MB reserved,      86.50 MB ( 68%) committed,  2 nodes.
      Class space:        1.00 GB reserved,       9.94 MB ( <1%) committed,  1 nodes.
             Both:        1.12 GB reserved,      96.44 MB (  8%) committed. 

Chunk freelists:
   Non-Class:  8.72 MB
       Class:  5.96 MB
        Both:  14.68 MB

MaxMetaspaceSize: unlimited
CompressedClassSpaceSize: 1.00 GB
Initial GC threshold: 21.00 MB
Current GC threshold: 160.12 MB
CDS: on
 - commit_granule_bytes: 65536.
 - commit_granule_words: 8192.
 - virtual_space_node_default_size: 8388608.
 - enlarge_chunks_in_place: 1.
 - use_allocation_guard: 0.


Internal statistics:

num_allocs_failed_limit: 11.
num_arena_births: 1884.
num_arena_deaths: 390.
num_vsnodes_births: 3.
num_vsnodes_deaths: 0.
num_space_committed: 1543.
num_space_uncommitted: 0.
num_chunks_returned_to_freelist: 452.
num_chunks_taken_from_freelist: 6862.
num_chunk_merges: 115.
num_chunk_splits: 3989.
num_chunks_enlarged: 2184.
num_inconsistent_stats: 0.

CodeHeap 'non-profiled nmethods': size=119168Kb used=26436Kb max_used=26869Kb free=92732Kb
 bounds [0x0000015987ba0000, 0x00000159895e0000, 0x000001598f000000]
CodeHeap 'profiled nmethods': size=119104Kb used=37978Kb max_used=57551Kb free=81125Kb
 bounds [0x0000015980000000, 0x0000015983880000, 0x0000015987450000]
CodeHeap 'non-nmethods': size=7488Kb used=1524Kb max_used=3267Kb free=5964Kb
 bounds [0x0000015987450000, 0x00000159877c0000, 0x0000015987ba0000]
CodeCache: size=245760Kb, used=65938Kb, max_used=87687Kb, free=179821Kb
 total_blobs=16536, nmethods=15692, adapters=745, full_count=0
Compilation: enabled, stopped_count=0, restarted_count=0

Compilation events (20 events):
Event: 8779.522 Thread 0x00000159fe2894a0 31131       3       org.eclipse.jdt.internal.compiler.codegen.ExceptionLabel::place (28 bytes)
Event: 8779.523 Thread 0x00000159fe2894a0 nmethod 31131 0x000001598290e590 code [0x000001598290e740, 0x000001598290e938]
Event: 8780.176 Thread 0x00000159fe2894a0 31133   !   3       org.eclipse.jdt.internal.core.builder.IncrementalImageBuilder::build (563 bytes)
Event: 8780.185 Thread 0x00000159fe287d40 31134       4       org.eclipse.jdt.internal.compiler.codegen.BranchLabel::branch (77 bytes)
Event: 8780.190 Thread 0x00000159fe2894a0 nmethod 31133 0x00000159815c0e10 code [0x00000159815c1480, 0x00000159815c3b60]
Event: 8780.196 Thread 0x00000159fe287d40 nmethod 31134 0x0000015988b0d210 code [0x0000015988b0d400, 0x0000015988b0d978]
Event: 8850.522 Thread 0x00000159fe2894a0 31135       3       com.sun.org.apache.xerces.internal.dom.ChildNode::<init> (6 bytes)
Event: 8850.525 Thread 0x00000159fe2894a0 nmethod 31135 0x0000015982a52b90 code [0x0000015982a52d40, 0x0000015982a52f28]
Event: 8850.525 Thread 0x00000159fe2894a0 31136       3       java.util.ServiceLoader$ModuleServicesLookupIterator::iteratorFor (191 bytes)
Event: 8850.541 Thread 0x00000159fe2894a0 nmethod 31136 0x0000015981629f90 code [0x000001598162a540, 0x000001598162d890]
Event: 8850.541 Thread 0x00000159fe2894a0 31137       3       java.util.Hashtable::rehash (142 bytes)
Event: 8850.542 Thread 0x00000159fe2894a0 nmethod 31137 0x0000015981afdc90 code [0x0000015981afdea0, 0x0000015981afe4a8]
Event: 8850.549 Thread 0x00000159fe2894a0 31138       3       java.io.ObjectStreamClass::forClass (52 bytes)
Event: 8850.550 Thread 0x00000159fe2894a0 nmethod 31138 0x0000015981811410 code [0x0000015981811600, 0x00000159818119b8]
Event: 8877.391 Thread 0x00000159fe287d40 31139       4       jdk.internal.misc.CarrierThreadLocal::get (10 bytes)
Event: 8877.398 Thread 0x00000159fe287d40 nmethod 31139 0x0000015988461490 code [0x0000015988461640, 0x00000159884617c0]
Event: 9051.470 Thread 0x00000159fe2894a0 31140       3       java.lang.ClassLoader::getBuiltinPlatformClassLoader (4 bytes)
Event: 9051.471 Thread 0x00000159fe2894a0 nmethod 31140 0x0000015980f3e110 code [0x0000015980f3e2c0, 0x0000015980f3e410]
Event: 10097.847 Thread 0x00000159fe2894a0 31141       3       java.lang.ClassLoader::getPlatformClassLoader (21 bytes)
Event: 10098.056 Thread 0x00000159fe2894a0 nmethod 31141 0x0000015981ca1310 code [0x0000015981ca14e0, 0x0000015981ca1770]

GC Heap History (20 events):
Event: 8779.021 GC heap before
{Heap before GC invocations=11626 (full 10):
 PSYoungGen      total 2560K, used 2208K [0x00000000d5580000, 0x00000000d5980000, 0x0000000100000000)
  eden space 1536K, 100% used [0x00000000d5580000,0x00000000d5700000,0x00000000d5700000)
  from space 1024K, 65% used [0x00000000d5700000,0x00000000d57a8020,0x00000000d5800000)
  to   space 1024K, 0% used [0x00000000d5880000,0x00000000d5880000,0x00000000d5980000)
 ParOldGen       total 1202176K, used 1202045K [0x0000000080000000, 0x00000000c9600000, 0x00000000d5580000)
  object space 1202176K, 99% used [0x0000000080000000,0x00000000c95df508,0x00000000c9600000)
 Metaspace       used 97028K, committed 98752K, reserved 1179648K
  class space    used 9382K, committed 10176K, reserved 1048576K
}
Event: 8779.025 GC heap after
{Heap after GC invocations=11626 (full 10):
 PSYoungGen      total 3072K, used 672K [0x00000000d5580000, 0x00000000d5980000, 0x0000000100000000)
  eden space 2048K, 0% used [0x00000000d5580000,0x00000000d5580000,0x00000000d5780000)
  from space 1024K, 65% used [0x00000000d5880000,0x00000000d5928020,0x00000000d5980000)
  to   space 1024K, 0% used [0x00000000d5780000,0x00000000d5780000,0x00000000d5880000)
 ParOldGen       total 1202688K, used 1202445K [0x0000000080000000, 0x00000000c9680000, 0x00000000d5580000)
  object space 1202688K, 99% used [0x0000000080000000,0x00000000c9643538,0x00000000c9680000)
 Metaspace       used 97028K, committed 98752K, reserved 1179648K
  class space    used 9382K, committed 10176K, reserved 1048576K
}
Event: 8779.112 GC heap before
{Heap before GC invocations=11627 (full 10):
 PSYoungGen      total 3072K, used 2720K [0x00000000d5580000, 0x00000000d5980000, 0x0000000100000000)
  eden space 2048K, 99% used [0x00000000d5580000,0x00000000d577fff8,0x00000000d5780000)
  from space 1024K, 65% used [0x00000000d5880000,0x00000000d5928020,0x00000000d5980000)
  to   space 1024K, 0% used [0x00000000d5780000,0x00000000d5780000,0x00000000d5880000)
 ParOldGen       total 1202688K, used 1202445K [0x0000000080000000, 0x00000000c9680000, 0x00000000d5580000)
  object space 1202688K, 99% used [0x0000000080000000,0x00000000c9643538,0x00000000c9680000)
 Metaspace       used 97028K, committed 98752K, reserved 1179648K
  class space    used 9382K, committed 10176K, reserved 1048576K
}
Event: 8779.114 GC heap after
{Heap after GC invocations=11627 (full 10):
 PSYoungGen      total 3072K, used 688K [0x00000000d5580000, 0x00000000d5a00000, 0x0000000100000000)
  eden space 2048K, 0% used [0x00000000d5580000,0x00000000d5580000,0x00000000d5780000)
  from space 1024K, 67% used [0x00000000d5780000,0x00000000d582c010,0x00000000d5880000)
  to   space 1024K, 0% used [0x00000000d5900000,0x00000000d5900000,0x00000000d5a00000)
 ParOldGen       total 1203200K, used 1202890K [0x0000000080000000, 0x00000000c9700000, 0x00000000d5580000)
  object space 1203200K, 99% used [0x0000000080000000,0x00000000c96b29e8,0x00000000c9700000)
 Metaspace       used 97028K, committed 98752K, reserved 1179648K
  class space    used 9382K, committed 10176K, reserved 1048576K
}
Event: 8779.409 GC heap before
{Heap before GC invocations=11628 (full 10):
 PSYoungGen      total 3072K, used 2736K [0x00000000d5580000, 0x00000000d5a00000, 0x0000000100000000)
  eden space 2048K, 100% used [0x00000000d5580000,0x00000000d5780000,0x00000000d5780000)
  from space 1024K, 67% used [0x00000000d5780000,0x00000000d582c010,0x00000000d5880000)
  to   space 1024K, 0% used [0x00000000d5900000,0x00000000d5900000,0x00000000d5a00000)
 ParOldGen       total 1203200K, used 1202890K [0x0000000080000000, 0x00000000c9700000, 0x00000000d5580000)
  object space 1203200K, 99% used [0x0000000080000000,0x00000000c96b29e8,0x00000000c9700000)
 Metaspace       used 97028K, committed 98752K, reserved 1179648K
  class space    used 9382K, committed 10176K, reserved 1048576K
}
Event: 8779.411 GC heap after
{Heap after GC invocations=11628 (full 10):
 PSYoungGen      total 3072K, used 640K [0x00000000d5580000, 0x00000000d5a00000, 0x0000000100000000)
  eden space 2048K, 0% used [0x00000000d5580000,0x00000000d5580000,0x00000000d5780000)
  from space 1024K, 62% used [0x00000000d5900000,0x00000000d59a0000,0x00000000d5a00000)
  to   space 1024K, 0% used [0x00000000d5780000,0x00000000d5780000,0x00000000d5880000)
 ParOldGen       total 1203712K, used 1203388K [0x0000000080000000, 0x00000000c9780000, 0x00000000d5580000)
  object space 1203712K, 99% used [0x0000000080000000,0x00000000c972f108,0x00000000c9780000)
 Metaspace       used 97028K, committed 98752K, reserved 1179648K
  class space    used 9382K, committed 10176K, reserved 1048576K
}
Event: 8779.414 GC heap before
{Heap before GC invocations=11629 (full 10):
 PSYoungGen      total 3072K, used 2688K [0x00000000d5580000, 0x00000000d5a00000, 0x0000000100000000)
  eden space 2048K, 100% used [0x00000000d5580000,0x00000000d5780000,0x00000000d5780000)
  from space 1024K, 62% used [0x00000000d5900000,0x00000000d59a0000,0x00000000d5a00000)
  to   space 1024K, 0% used [0x00000000d5780000,0x00000000d5780000,0x00000000d5880000)
 ParOldGen       total 1203712K, used 1203388K [0x0000000080000000, 0x00000000c9780000, 0x00000000d5580000)
  object space 1203712K, 99% used [0x0000000080000000,0x00000000c972f108,0x00000000c9780000)
 Metaspace       used 97028K, committed 98752K, reserved 1179648K
  class space    used 9382K, committed 10176K, reserved 1048576K
}
Event: 8779.417 GC heap after
{Heap after GC invocations=11629 (full 10):
 PSYoungGen      total 3072K, used 560K [0x00000000d5580000, 0x00000000d5a00000, 0x0000000100000000)
  eden space 2048K, 0% used [0x00000000d5580000,0x00000000d5580000,0x00000000d5780000)
  from space 1024K, 54% used [0x00000000d5780000,0x00000000d580c010,0x00000000d5880000)
  to   space 1024K, 0% used [0x00000000d5900000,0x00000000d5900000,0x00000000d5a00000)
 ParOldGen       total 1203712K, used 1203660K [0x0000000080000000, 0x00000000c9780000, 0x00000000d5580000)
  object space 1203712K, 99% used [0x0000000080000000,0x00000000c9773108,0x00000000c9780000)
 Metaspace       used 97028K, committed 98752K, reserved 1179648K
  class space    used 9382K, committed 10176K, reserved 1048576K
}
Event: 8779.487 GC heap before
{Heap before GC invocations=11630 (full 10):
 PSYoungGen      total 3072K, used 2608K [0x00000000d5580000, 0x00000000d5a00000, 0x0000000100000000)
  eden space 2048K, 99% used [0x00000000d5580000,0x00000000d577fff8,0x00000000d5780000)
  from space 1024K, 54% used [0x00000000d5780000,0x00000000d580c010,0x00000000d5880000)
  to   space 1024K, 0% used [0x00000000d5900000,0x00000000d5900000,0x00000000d5a00000)
 ParOldGen       total 1203712K, used 1203660K [0x0000000080000000, 0x00000000c9780000, 0x00000000d5580000)
  object space 1203712K, 99% used [0x0000000080000000,0x00000000c9773108,0x00000000c9780000)
 Metaspace       used 97029K, committed 98752K, reserved 1179648K
  class space    used 9382K, committed 10176K, reserved 1048576K
}
Event: 8779.489 GC heap after
{Heap after GC invocations=11630 (full 10):
 PSYoungGen      total 3072K, used 608K [0x00000000d5580000, 0x00000000d5a00000, 0x0000000100000000)
  eden space 2048K, 0% used [0x00000000d5580000,0x00000000d5580000,0x00000000d5780000)
  from space 1024K, 59% used [0x00000000d5900000,0x00000000d5998020,0x00000000d5a00000)
  to   space 1024K, 0% used [0x00000000d5780000,0x00000000d5780000,0x00000000d5880000)
 ParOldGen       total 1203712K, used 1203668K [0x0000000080000000, 0x00000000c9780000, 0x00000000d5580000)
  object space 1203712K, 99% used [0x0000000080000000,0x00000000c9775108,0x00000000c9780000)
 Metaspace       used 97029K, committed 98752K, reserved 1179648K
  class space    used 9382K, committed 10176K, reserved 1048576K
}
Event: 8780.178 GC heap before
{Heap before GC invocations=11631 (full 10):
 PSYoungGen      total 3072K, used 2656K [0x00000000d5580000, 0x00000000d5a00000, 0x0000000100000000)
  eden space 2048K, 100% used [0x00000000d5580000,0x00000000d5780000,0x00000000d5780000)
  from space 1024K, 59% used [0x00000000d5900000,0x00000000d5998020,0x00000000d5a00000)
  to   space 1024K, 0% used [0x00000000d5780000,0x00000000d5780000,0x00000000d5880000)
 ParOldGen       total 1203712K, used 1203668K [0x0000000080000000, 0x00000000c9780000, 0x00000000d5580000)
  object space 1203712K, 99% used [0x0000000080000000,0x00000000c9775108,0x00000000c9780000)
 Metaspace       used 97049K, committed 98752K, reserved 1179648K
  class space    used 9382K, committed 10176K, reserved 1048576K
}
Event: 8780.179 GC heap after
{Heap after GC invocations=11631 (full 10):
 PSYoungGen      total 3072K, used 416K [0x00000000d5580000, 0x00000000d5980000, 0x0000000100000000)
  eden space 2048K, 0% used [0x00000000d5580000,0x00000000d5580000,0x00000000d5780000)
  from space 1024K, 40% used [0x00000000d5780000,0x00000000d57e8000,0x00000000d5880000)
  to   space 512K, 0% used [0x00000000d5900000,0x00000000d5900000,0x00000000d5980000)
 ParOldGen       total 1204224K, used 1203796K [0x0000000080000000, 0x00000000c9800000, 0x00000000d5580000)
  object space 1204224K, 99% used [0x0000000080000000,0x00000000c9795128,0x00000000c9800000)
 Metaspace       used 97049K, committed 98752K, reserved 1179648K
  class space    used 9382K, committed 10176K, reserved 1048576K
}
Event: 8780.499 GC heap before
{Heap before GC invocations=11632 (full 10):
 PSYoungGen      total 3072K, used 2464K [0x00000000d5580000, 0x00000000d5980000, 0x0000000100000000)
  eden space 2048K, 100% used [0x00000000d5580000,0x00000000d5780000,0x00000000d5780000)
  from space 1024K, 40% used [0x00000000d5780000,0x00000000d57e8000,0x00000000d5880000)
  to   space 512K, 0% used [0x00000000d5900000,0x00000000d5900000,0x00000000d5980000)
 ParOldGen       total 1204224K, used 1203796K [0x0000000080000000, 0x00000000c9800000, 0x00000000d5580000)
  object space 1204224K, 99% used [0x0000000080000000,0x00000000c9795128,0x00000000c9800000)
 Metaspace       used 97052K, committed 98752K, reserved 1179648K
  class space    used 9382K, committed 10176K, reserved 1048576K
}
Event: 8780.501 GC heap after
{Heap after GC invocations=11632 (full 10):
 PSYoungGen      total 2560K, used 416K [0x00000000d5580000, 0x00000000d5980000, 0x0000000100000000)
  eden space 2048K, 0% used [0x00000000d5580000,0x00000000d5580000,0x00000000d5780000)
  from space 512K, 81% used [0x00000000d5900000,0x00000000d5968000,0x00000000d5980000)
  to   space 512K, 0% used [0x00000000d5880000,0x00000000d5880000,0x00000000d5900000)
 ParOldGen       total 1204224K, used 1203876K [0x0000000080000000, 0x00000000c9800000, 0x00000000d5580000)
  object space 1204224K, 99% used [0x0000000080000000,0x00000000c97a9128,0x00000000c9800000)
 Metaspace       used 97052K, committed 98752K, reserved 1179648K
  class space    used 9382K, committed 10176K, reserved 1048576K
}
Event: 8780.503 GC heap before
{Heap before GC invocations=11633 (full 10):
 PSYoungGen      total 2560K, used 2464K [0x00000000d5580000, 0x00000000d5980000, 0x0000000100000000)
  eden space 2048K, 100% used [0x00000000d5580000,0x00000000d5780000,0x00000000d5780000)
  from space 512K, 81% used [0x00000000d5900000,0x00000000d5968000,0x00000000d5980000)
  to   space 512K, 0% used [0x00000000d5880000,0x00000000d5880000,0x00000000d5900000)
 ParOldGen       total 1204224K, used 1203876K [0x0000000080000000, 0x00000000c9800000, 0x00000000d5580000)
  object space 1204224K, 99% used [0x0000000080000000,0x00000000c97a9128,0x00000000c9800000)
 Metaspace       used 97052K, committed 98752K, reserved 1179648K
  class space    used 9382K, committed 10176K, reserved 1048576K
}
Event: 8780.504 GC heap after
{Heap after GC invocations=11633 (full 10):
 PSYoungGen      total 2560K, used 464K [0x00000000d5580000, 0x00000000d5980000, 0x0000000100000000)
  eden space 2048K, 0% used [0x00000000d5580000,0x00000000d5580000,0x00000000d5780000)
  from space 512K, 90% used [0x00000000d5880000,0x00000000d58f4010,0x00000000d5900000)
  to   space 512K, 0% used [0x00000000d5900000,0x00000000d5900000,0x00000000d5980000)
 ParOldGen       total 1204224K, used 1203988K [0x0000000080000000, 0x00000000c9800000, 0x00000000d5580000)
  object space 1204224K, 99% used [0x0000000080000000,0x00000000c97c5128,0x00000000c9800000)
 Metaspace       used 97052K, committed 98752K, reserved 1179648K
  class space    used 9382K, committed 10176K, reserved 1048576K
}
Event: 8780.733 GC heap before
{Heap before GC invocations=11634 (full 10):
 PSYoungGen      total 2560K, used 2512K [0x00000000d5580000, 0x00000000d5980000, 0x0000000100000000)
  eden space 2048K, 100% used [0x00000000d5580000,0x00000000d5780000,0x00000000d5780000)
  from space 512K, 90% used [0x00000000d5880000,0x00000000d58f4010,0x00000000d5900000)
  to   space 512K, 0% used [0x00000000d5900000,0x00000000d5900000,0x00000000d5980000)
 ParOldGen       total 1204224K, used 1203988K [0x0000000080000000, 0x00000000c9800000, 0x00000000d5580000)
  object space 1204224K, 99% used [0x0000000080000000,0x00000000c97c5128,0x00000000c9800000)
 Metaspace       used 97052K, committed 98752K, reserved 1179648K
  class space    used 9382K, committed 10176K, reserved 1048576K
}
Event: 8780.735 GC heap after
{Heap after GC invocations=11634 (full 10):
 PSYoungGen      total 2560K, used 400K [0x00000000d5580000, 0x00000000d5980000, 0x0000000100000000)
  eden space 2048K, 0% used [0x00000000d5580000,0x00000000d5580000,0x00000000d5780000)
  from space 512K, 78% used [0x00000000d5900000,0x00000000d5964010,0x00000000d5980000)
  to   space 512K, 0% used [0x00000000d5880000,0x00000000d5880000,0x00000000d5900000)
 ParOldGen       total 1204224K, used 1204004K [0x0000000080000000, 0x00000000c9800000, 0x00000000d5580000)
  object space 1204224K, 99% used [0x0000000080000000,0x00000000c97c9128,0x00000000c9800000)
 Metaspace       used 97052K, committed 98752K, reserved 1179648K
  class space    used 9382K, committed 10176K, reserved 1048576K
}
Event: 15007.216 GC heap before
{Heap before GC invocations=11635 (full 10):
 PSYoungGen      total 2560K, used 2448K [0x00000000d5580000, 0x00000000d5980000, 0x0000000100000000)
  eden space 2048K, 100% used [0x00000000d5580000,0x00000000d5780000,0x00000000d5780000)
  from space 512K, 78% used [0x00000000d5900000,0x00000000d5964010,0x00000000d5980000)
  to   space 512K, 0% used [0x00000000d5880000,0x00000000d5880000,0x00000000d5900000)
 ParOldGen       total 1204224K, used 1204004K [0x0000000080000000, 0x00000000c9800000, 0x00000000d5580000)
  object space 1204224K, 99% used [0x0000000080000000,0x00000000c97c9128,0x00000000c9800000)
 Metaspace       used 97054K, committed 98752K, reserved 1179648K
  class space    used 9382K, committed 10176K, reserved 1048576K
}
Event: 15007.343 GC heap after
{Heap after GC invocations=11635 (full 10):
 PSYoungGen      total 2560K, used 288K [0x00000000d5580000, 0x00000000d5980000, 0x0000000100000000)
  eden space 2048K, 0% used [0x00000000d5580000,0x00000000d5580000,0x00000000d5780000)
  from space 512K, 56% used [0x00000000d5880000,0x00000000d58c8000,0x00000000d5900000)
  to   space 512K, 0% used [0x00000000d5900000,0x00000000d5900000,0x00000000d5980000)
 ParOldGen       total 1204224K, used 1204028K [0x0000000080000000, 0x00000000c9800000, 0x00000000d5580000)
  object space 1204224K, 99% used [0x0000000080000000,0x00000000c97cf128,0x00000000c9800000)
 Metaspace       used 97054K, committed 98752K, reserved 1179648K
  class space    used 9382K, committed 10176K, reserved 1048576K
}

Dll operation events (12 events):
Event: 0.009 Loaded shared library c:\Users\ASUS\.vscode\extensions\redhat.java-1.53.0-win32-x64\jre\21.0.10-win32-x86_64\bin\java.dll
Event: 0.063 Loaded shared library c:\Users\ASUS\.vscode\extensions\redhat.java-1.53.0-win32-x64\jre\21.0.10-win32-x86_64\bin\zip.dll
Event: 0.079 Loaded shared library C:\Users\ASUS\.vscode\extensions\redhat.java-1.53.0-win32-x64\jre\21.0.10-win32-x86_64\bin\instrument.dll
Event: 0.085 Loaded shared library C:\Users\ASUS\.vscode\extensions\redhat.java-1.53.0-win32-x64\jre\21.0.10-win32-x86_64\bin\net.dll
Event: 0.087 Loaded shared library C:\Users\ASUS\.vscode\extensions\redhat.java-1.53.0-win32-x64\jre\21.0.10-win32-x86_64\bin\nio.dll
Event: 0.090 Loaded shared library C:\Users\ASUS\.vscode\extensions\redhat.java-1.53.0-win32-x64\jre\21.0.10-win32-x86_64\bin\zip.dll
Event: 0.104 Loaded shared library C:\Users\ASUS\.vscode\extensions\redhat.java-1.53.0-win32-x64\jre\21.0.10-win32-x86_64\bin\jimage.dll
Event: 0.165 Loaded shared library c:\Users\ASUS\.vscode\extensions\redhat.java-1.53.0-win32-x64\jre\21.0.10-win32-x86_64\bin\verify.dll
Event: 7.861 Loaded shared library C:\Users\ASUS\AppData\Roaming\Code\User\globalStorage\redhat.java\1.53.0\config_win\org.eclipse.equinox.launcher\org.eclipse.equinox.launcher.win32.win32.x86_64_1.3.0.v20260203-2149\eclipse_11919.dll
Event: 17.800 Loaded shared library C:\Users\ASUS\AppData\Local\Temp\jna-2018896\jna12152540537424600021.dll
Event: 19.088 Loaded shared library C:\Users\ASUS\.vscode\extensions\redhat.java-1.53.0-win32-x64\jre\21.0.10-win32-x86_64\bin\sunmscapi.dll
Event: 19.149 Loaded shared library C:\Users\ASUS\.vscode\extensions\redhat.java-1.53.0-win32-x64\jre\21.0.10-win32-x86_64\bin\extnet.dll

Deoptimization events (20 events):
Event: 8512.186 Thread 0x00000159da72d330 Uncommon trap: trap_request=0xffffffc6 fr.pc=0x00000159886c1820 relative=0x00000000000002c0
Event: 8512.186 Thread 0x00000159da72d330 Uncommon trap: reason=bimorphic_or_optimized_type_check action=maybe_recompile pc=0x00000159886c1820 method=org.eclipse.jdt.internal.compiler.ast.LocalDeclaration.traverse(Lorg/eclipse/jdt/internal/compiler/ASTVisitor;Lorg/eclipse/jdt/internal/compiler/lo
Event: 8512.186 Thread 0x00000159da72d330 DEOPT PACKING pc=0x00000159886c1820 sp=0x00000012035fdfa0
Event: 8512.186 Thread 0x00000159da72d330 DEOPT UNPACKING pc=0x00000159874a3aa2 sp=0x00000012035fdf38 mode 2
Event: 8512.188 Thread 0x00000159da72d330 Uncommon trap: trap_request=0xffffffde fr.pc=0x0000015988826c94 relative=0x0000000000000cf4
Event: 8512.189 Thread 0x00000159da72d330 Uncommon trap: reason=class_check action=maybe_recompile pc=0x0000015988826c94 method=lombok.eclipse.agent.PatchVal.couldBe([Lorg/eclipse/jdt/internal/compiler/lookup/ImportBinding;Ljava/lang/String;Lorg/eclipse/jdt/internal/compiler/ast/TypeReference;)Z 
Event: 8512.190 Thread 0x00000159da72d330 DEOPT PACKING pc=0x0000015988826c94 sp=0x00000012035fde80
Event: 8512.190 Thread 0x00000159da72d330 DEOPT UNPACKING pc=0x00000159874a3aa2 sp=0x00000012035fdc08 mode 2
Event: 8512.190 Thread 0x00000159da72d330 Uncommon trap: trap_request=0xffffffde fr.pc=0x00000159894d39c0 relative=0x00000000000004a0
Event: 8512.190 Thread 0x00000159da72d330 Uncommon trap: reason=class_check action=maybe_recompile pc=0x00000159894d39c0 method=lombok.eclipse.agent.PatchVal.couldBe([Lorg/eclipse/jdt/internal/compiler/lookup/ImportBinding;Ljava/lang/String;Lorg/eclipse/jdt/internal/compiler/ast/TypeReference;)Z 
Event: 8512.190 Thread 0x00000159da72d330 DEOPT PACKING pc=0x00000159894d39c0 sp=0x00000012035fdd30
Event: 8512.190 Thread 0x00000159da72d330 DEOPT UNPACKING pc=0x00000159874a3aa2 sp=0x00000012035fdc08 mode 2
Event: 8512.190 Thread 0x00000159da72d330 Uncommon trap: trap_request=0xffffffde fr.pc=0x00000159894d39c0 relative=0x00000000000004a0
Event: 8512.190 Thread 0x00000159da72d330 Uncommon trap: reason=class_check action=maybe_recompile pc=0x00000159894d39c0 method=lombok.eclipse.agent.PatchVal.couldBe([Lorg/eclipse/jdt/internal/compiler/lookup/ImportBinding;Ljava/lang/String;Lorg/eclipse/jdt/internal/compiler/ast/TypeReference;)Z 
Event: 8512.190 Thread 0x00000159da72d330 DEOPT PACKING pc=0x00000159894d39c0 sp=0x00000012035fdd30
Event: 8512.190 Thread 0x00000159da72d330 DEOPT UNPACKING pc=0x00000159874a3aa2 sp=0x00000012035fdc08 mode 2
Event: 8549.678 Thread 0x00000159dca5be40 DEOPT PACKING pc=0x00000159829219c3 sp=0x0000001203bfeb70
Event: 8549.678 Thread 0x00000159dca5be40 DEOPT UNPACKING pc=0x00000159874a4242 sp=0x0000001203bfe0c0 mode 0
Event: 8623.740 Thread 0x00000159d8d890c0 DEOPT PACKING pc=0x00000159828248da sp=0x0000001201cfe960
Event: 8623.740 Thread 0x00000159d8d890c0 DEOPT UNPACKING pc=0x00000159874a4242 sp=0x0000001201cfde10 mode 0

Classes loaded (20 events):
Event: 739.673 Loading class jdk/internal/icu/text/NormalizerBase$NFCModeImpl
Event: 739.674 Loading class jdk/internal/icu/text/NormalizerBase$NFCModeImpl done
Event: 739.674 Loading class jdk/internal/icu/impl/Norm2AllModes$NFCSingleton
Event: 739.674 Loading class jdk/internal/icu/impl/Norm2AllModes$NFCSingleton done
Event: 739.680 Loading class java/nio/StringCharBuffer
Event: 739.681 Loading class java/nio/StringCharBuffer done
Event: 739.871 Loading class java/lang/StringLatin1$LinesSpliterator
Event: 739.871 Loading class java/lang/StringLatin1$LinesSpliterator done
Event: 989.886 Loading class java/util/concurrent/ConcurrentHashMap$TreeNode
Event: 989.888 Loading class java/util/concurrent/ConcurrentHashMap$TreeNode done
Event: 989.889 Loading class java/util/concurrent/ConcurrentHashMap$TreeBin
Event: 989.891 Loading class java/util/concurrent/ConcurrentHashMap$TreeBin done
Event: 1072.501 Loading class java/util/stream/ReferencePipeline$15
Event: 1072.502 Loading class java/util/stream/ReferencePipeline$15 done
Event: 1072.507 Loading class java/util/stream/ReferencePipeline$15$1
Event: 1072.508 Loading class java/util/stream/ReferencePipeline$15$1 done
Event: 2748.178 Loading class java/lang/MatchException
Event: 2748.180 Loading class java/lang/MatchException done
Event: 2748.243 Loading class java/util/HashMap$EntrySpliterator
Event: 2748.244 Loading class java/util/HashMap$EntrySpliterator done

Classes unloaded (20 events):
Event: 3143.171 Thread 0x00000159f94be820 Unloading class 0x0000015994002000 'java/lang/invoke/LambdaForm$MH+0x0000015994002000'
Event: 3143.171 Thread 0x00000159f94be820 Unloading class 0x0000015994001800 'java/lang/invoke/LambdaForm$MH+0x0000015994001800'
Event: 5943.163 Thread 0x00000159f94be820 Unloading class 0x000001599496c400 'java/lang/invoke/LambdaForm$BMH+0x000001599496c400'
Event: 5943.163 Thread 0x00000159f94be820 Unloading class 0x00000159949cf000 'java/lang/invoke/LambdaForm$MH+0x00000159949cf000'
Event: 5943.163 Thread 0x00000159f94be820 Unloading class 0x00000159949cec00 'java/lang/invoke/LambdaForm$MH+0x00000159949cec00'
Event: 5943.163 Thread 0x00000159f94be820 Unloading class 0x00000159949ce400 'java/lang/invoke/LambdaForm$MH+0x00000159949ce400'
Event: 5943.163 Thread 0x00000159f94be820 Unloading class 0x00000159949c6c00 'java/lang/invoke/LambdaForm$MH+0x00000159949c6c00'
Event: 5943.163 Thread 0x00000159f94be820 Unloading class 0x00000159949c6800 'java/lang/invoke/LambdaForm$MH+0x00000159949c6800'
Event: 5943.163 Thread 0x00000159f94be820 Unloading class 0x00000159949c6000 'java/lang/invoke/LambdaForm$MH+0x00000159949c6000'
Event: 5943.163 Thread 0x00000159f94be820 Unloading class 0x00000159949c5c00 'java/lang/invoke/LambdaForm$MH+0x00000159949c5c00'
Event: 5943.163 Thread 0x00000159f94be820 Unloading class 0x00000159949c5800 'java/lang/invoke/LambdaForm$MH+0x00000159949c5800'
Event: 5943.163 Thread 0x00000159f94be820 Unloading class 0x00000159949c5400 'java/lang/invoke/LambdaForm$MH+0x00000159949c5400'
Event: 5943.163 Thread 0x00000159f94be820 Unloading class 0x00000159949c4000 'java/lang/invoke/LambdaForm$DMH+0x00000159949c4000'
Event: 5943.163 Thread 0x00000159f94be820 Unloading class 0x0000015994268c00 'jdk/internal/reflect/GeneratedSerializationConstructorAccessor3'
Event: 5943.163 Thread 0x00000159f94be820 Unloading class 0x0000015994268800 'jdk/internal/reflect/GeneratedSerializationConstructorAccessor2'
Event: 5943.163 Thread 0x00000159f94be820 Unloading class 0x0000015994268400 'jdk/internal/reflect/GeneratedSerializationConstructorAccessor1'
Event: 5943.163 Thread 0x00000159f94be820 Unloading class 0x0000015994205800 'java/lang/invoke/LambdaForm$MH+0x0000015994205800'
Event: 5943.163 Thread 0x00000159f94be820 Unloading class 0x0000015994205400 'java/lang/invoke/LambdaForm$MH+0x0000015994205400'
Event: 5943.163 Thread 0x00000159f94be820 Unloading class 0x0000015994205000 'java/lang/invoke/LambdaForm$MH+0x0000015994205000'
Event: 5943.163 Thread 0x00000159f94be820 Unloading class 0x0000015994014800 'java/lang/invoke/LambdaForm$MH+0x0000015994014800'

Classes redefined (0 events):
No events

Internal exceptions (20 events):
Event: 8545.619 Thread 0x00000159d8d890c0 Exception <a 'sun/nio/fs/WindowsException'{0x00000000d55aac80}> (0x00000000d55aac80) 
thrown [s\src\hotspot\share\prims\jni.cpp, line 520]
Event: 8545.678 Thread 0x00000159d8d890c0 Exception <a 'sun/nio/fs/WindowsException'{0x00000000d56bf4a0}> (0x00000000d56bf4a0) 
thrown [s\src\hotspot\share\prims\jni.cpp, line 520]
Event: 8550.512 Thread 0x00000159d8d890c0 Exception <a 'sun/nio/fs/WindowsException'{0x00000000d55defa0}> (0x00000000d55defa0) 
thrown [s\src\hotspot\share\prims\jni.cpp, line 520]
Event: 8550.575 Thread 0x00000159d8d890c0 Exception <a 'sun/nio/fs/WindowsException'{0x00000000d56d8f48}> (0x00000000d56d8f48) 
thrown [s\src\hotspot\share\prims\jni.cpp, line 520]
Event: 8560.124 Thread 0x00000159d8d890c0 Exception <a 'sun/nio/fs/WindowsException'{0x00000000d55e2368}> (0x00000000d55e2368) 
thrown [s\src\hotspot\share\prims\jni.cpp, line 520]
Event: 8560.174 Thread 0x00000159d8d890c0 Exception <a 'sun/nio/fs/WindowsException'{0x00000000d5583bb0}> (0x00000000d5583bb0) 
thrown [s\src\hotspot\share\prims\jni.cpp, line 520]
Event: 8606.537 Thread 0x00000159da72e6e0 Exception <a 'sun/nio/fs/WindowsException'{0x00000000d5643028}> (0x00000000d5643028) 
thrown [s\src\hotspot\share\prims\jni.cpp, line 520]
Event: 8606.537 Thread 0x00000159da72e6e0 Exception <a 'sun/nio/fs/WindowsException'{0x00000000d5643678}> (0x00000000d5643678) 
thrown [s\src\hotspot\share\prims\jni.cpp, line 520]
Event: 8608.967 Thread 0x00000159d8d890c0 Exception <a 'sun/nio/fs/WindowsException'{0x00000000d5792540}> (0x00000000d5792540) 
thrown [s\src\hotspot\share\prims\jni.cpp, line 520]
Event: 8609.033 Thread 0x00000159d8d890c0 Exception <a 'sun/nio/fs/WindowsException'{0x00000000d56aac78}> (0x00000000d56aac78) 
thrown [s\src\hotspot\share\prims\jni.cpp, line 520]
Event: 8616.080 Thread 0x00000159da72e6e0 Exception <a 'sun/nio/fs/WindowsException'{0x00000000d55a87e8}> (0x00000000d55a87e8) 
thrown [s\src\hotspot\share\prims\jni.cpp, line 520]
Event: 8616.080 Thread 0x00000159da72e6e0 Exception <a 'sun/nio/fs/WindowsException'{0x00000000d55a8e18}> (0x00000000d55a8e18) 
thrown [s\src\hotspot\share\prims\jni.cpp, line 520]
Event: 8622.138 Thread 0x00000159d8d890c0 Exception <a 'sun/nio/fs/WindowsException'{0x00000000d59b13d0}> (0x00000000d59b13d0) 
thrown [s\src\hotspot\share\prims\jni.cpp, line 520]
Event: 8622.196 Thread 0x00000159d8d890c0 Exception <a 'sun/nio/fs/WindowsException'{0x00000000d5726540}> (0x00000000d5726540) 
thrown [s\src\hotspot\share\prims\jni.cpp, line 520]
Event: 8623.753 Thread 0x00000159d8d890c0 Exception <a 'sun/nio/fs/WindowsException'{0x00000000d564c800}> (0x00000000d564c800) 
thrown [s\src\hotspot\share\prims\jni.cpp, line 520]
Event: 8623.803 Thread 0x00000159d8d890c0 Exception <a 'sun/nio/fs/WindowsException'{0x00000000d55e1800}> (0x00000000d55e1800) 
thrown [s\src\hotspot\share\prims\jni.cpp, line 520]
Event: 8627.689 Thread 0x00000159d8d890c0 Exception <a 'sun/nio/fs/WindowsException'{0x00000000d56dfbe0}> (0x00000000d56dfbe0) 
thrown [s\src\hotspot\share\prims\jni.cpp, line 520]
Event: 8627.751 Thread 0x00000159d8d890c0 Exception <a 'sun/nio/fs/WindowsException'{0x00000000d55e1500}> (0x00000000d55e1500) 
thrown [s\src\hotspot\share\prims\jni.cpp, line 520]
Event: 8778.902 Thread 0x00000159d8d890c0 Exception <a 'sun/nio/fs/WindowsException'{0x00000000d56d3aa0}> (0x00000000d56d3aa0) 
thrown [s\src\hotspot\share\prims\jni.cpp, line 520]
Event: 8779.006 Thread 0x00000159d8d890c0 Exception <a 'sun/nio/fs/WindowsException'{0x00000000d55b6248}> (0x00000000d55b6248) 
thrown [s\src\hotspot\share\prims\jni.cpp, line 520]

ZGC Phase Switch (0 events):
No events

VM Operations (20 events):
Event: 8838.696 Executing non-safepoint VM operation: HandshakeAllThreads (HandshakeForDeflation)
Event: 8838.696 Executing non-safepoint VM operation: HandshakeAllThreads (HandshakeForDeflation) done
Event: 8838.696 Executing non-safepoint VM operation: RendezvousGCThreads
Event: 8838.696 Executing non-safepoint VM operation: RendezvousGCThreads done
Event: 8850.747 Executing safepoint VM operation: Cleanup
Event: 8850.747 Executing safepoint VM operation: Cleanup done
Event: 8898.886 Executing non-safepoint VM operation: HandshakeAllThreads (HandshakeForDeflation)
Event: 8898.886 Executing non-safepoint VM operation: HandshakeAllThreads (HandshakeForDeflation) done
Event: 8898.886 Executing non-safepoint VM operation: RendezvousGCThreads
Event: 8898.886 Executing non-safepoint VM operation: RendezvousGCThreads done
Event: 14990.168 Executing non-safepoint VM operation: HandshakeAllThreads (HandshakeForDeflation)
Event: 14990.186 Executing non-safepoint VM operation: HandshakeAllThreads (HandshakeForDeflation) done
Event: 14990.187 Executing non-safepoint VM operation: RendezvousGCThreads
Event: 14990.187 Executing non-safepoint VM operation: RendezvousGCThreads done
Event: 15007.215 Executing safepoint VM operation: ParallelGCFailedAllocation (Allocation Failure)
Event: 15007.343 Executing safepoint VM operation: ParallelGCFailedAllocation (Allocation Failure) done
Event: 15050.268 Executing non-safepoint VM operation: HandshakeAllThreads (HandshakeForDeflation)
Event: 15050.269 Executing non-safepoint VM operation: HandshakeAllThreads (HandshakeForDeflation) done
Event: 15050.269 Executing non-safepoint VM operation: RendezvousGCThreads
Event: 15050.269 Executing non-safepoint VM operation: RendezvousGCThreads done

Memory protections (0 events):
No events

Nmethod flushes (20 events):
Event: 7461.039 Thread 0x00000159f94be820 flushing  nmethod 0x0000015983193a90
Event: 7461.039 Thread 0x00000159f94be820 flushing  nmethod 0x0000015983194e10
Event: 7461.039 Thread 0x00000159f94be820 flushing  nmethod 0x0000015983196190
Event: 7461.039 Thread 0x00000159f94be820 flushing  nmethod 0x0000015983197510
Event: 7461.039 Thread 0x00000159f94be820 flushing  nmethod 0x0000015983211d10
Event: 7461.039 Thread 0x00000159f94be820 flushing  nmethod 0x0000015983216910
Event: 7461.039 Thread 0x00000159f94be820 flushing  nmethod 0x0000015983260010
Event: 7461.039 Thread 0x00000159f94be820 flushing  nmethod 0x00000159832bdd10
Event: 7461.039 Thread 0x00000159f94be820 flushing  nmethod 0x00000159832ca790
Event: 7461.039 Thread 0x00000159f94be820 flushing  nmethod 0x00000159833ead90
Event: 7461.039 Thread 0x00000159f94be820 flushing  nmethod 0x00000159834ab510
Event: 7461.039 Thread 0x00000159f94be820 flushing  nmethod 0x00000159834bef90
Event: 7461.039 Thread 0x00000159f94be820 flushing  nmethod 0x0000015983538810
Event: 7461.039 Thread 0x00000159f94be820 flushing  nmethod 0x0000015983543690
Event: 7461.039 Thread 0x00000159f94be820 flushing  nmethod 0x0000015983543e10
Event: 7461.039 Thread 0x00000159f94be820 flushing  nmethod 0x0000015983556290
Event: 7461.039 Thread 0x00000159f94be820 flushing  nmethod 0x000001598355ad10
Event: 7461.039 Thread 0x00000159f94be820 flushing  nmethod 0x00000159835b6390
Event: 7461.039 Thread 0x00000159f94be820 flushing  nmethod 0x000001598367d890
Event: 7461.039 Thread 0x00000159f94be820 flushing  nmethod 0x0000015983726490

Events (20 events):
Event: 8850.543 Thread 0x00000159da72a540 Thread added: 0x00000159da730120
Event: 8850.543 Thread 0x00000159da72a540 Thread added: 0x00000159e5af9030
Event: 8850.543 Thread 0x00000159e5af9030 Thread exited: 0x00000159e5af9030
Event: 8850.543 Thread 0x00000159da72a540 Thread exited: 0x00000159da72a540
Event: 8850.543 Thread 0x00000159da730120 Thread exited: 0x00000159da730120
Event: 8850.658 Thread 0x00000159dca54eb0 Thread exited: 0x00000159dca54eb0
Event: 8850.674 Thread 0x00000159da72b8f0 Thread added: 0x00000159e5af9030
Event: 8877.391 Thread 0x00000159dca5c4d0 Thread exited: 0x00000159dca5c4d0
Event: 8909.120 Thread 0x00000159dca5b7b0 Thread exited: 0x00000159dca5b7b0
Event: 8910.686 Thread 0x00000159e5af9030 Thread exited: 0x00000159e5af9030
Event: 8922.229 Thread 0x00000159da72b260 Thread exited: 0x00000159da72b260
Event: 8923.918 Thread 0x00000159da72abd0 Thread exited: 0x00000159da72abd0
Event: 8927.852 Thread 0x00000159da72cca0 Thread exited: 0x00000159da72cca0
Event: 8937.404 Thread 0x00000159dca596e0 Thread exited: 0x00000159dca596e0
Event: 8997.414 Thread 0x00000159dca5be40 Thread exited: 0x00000159dca5be40
Event: 9057.426 Thread 0x00000159dca59050 Thread exited: 0x00000159dca59050
Event: 9079.020 Thread 0x00000159da72e6e0 Thread exited: 0x00000159da72e6e0
Event: 9080.192 Thread 0x00000159da72e050 Thread exited: 0x00000159da72e050
Event: 15004.085 Thread 0x00000159da72d330 Thread added: 0x00000159e5af9030
Event: 15068.344 Thread 0x00000159e5af9030 Thread exited: 0x00000159e5af9030


Dynamic libraries:
0x00007ff6820c0000 - 0x00007ff6820ce000 	c:\Users\ASUS\.vscode\extensions\redhat.java-1.53.0-win32-x64\jre\21.0.10-win32-x86_64\bin\java.exe
0x00007ff87cac0000 - 0x00007ff87cd27000 	C:\Windows\SYSTEM32\ntdll.dll
0x00007ff87b0d0000 - 0x00007ff87b199000 	C:\Windows\System32\KERNEL32.DLL
0x00007ff879650000 - 0x00007ff879a41000 	C:\Windows\System32\KERNELBASE.dll
0x00007ff87a630000 - 0x00007ff87a77b000 	C:\Windows\System32\ucrtbase.dll
0x00007ff874e40000 - 0x00007ff874e58000 	c:\Users\ASUS\.vscode\extensions\redhat.java-1.53.0-win32-x64\jre\21.0.10-win32-x86_64\bin\jli.dll
0x00007ff874e20000 - 0x00007ff874e3e000 	c:\Users\ASUS\.vscode\extensions\redhat.java-1.53.0-win32-x64\jre\21.0.10-win32-x86_64\bin\VCRUNTIME140.dll
0x00007ff87aad0000 - 0x00007ff87ac95000 	C:\Windows\System32\USER32.dll
0x00007ff86aba0000 - 0x00007ff86ae33000 	C:\Windows\WinSxS\amd64_microsoft.windows.common-controls_6595b64144ccf1df_6.0.26100.7922_none_3e089e1ee3342171\COMCTL32.dll
0x00007ff87a780000 - 0x00007ff87a7a7000 	C:\Windows\System32\win32u.dll
0x00007ff87b4c0000 - 0x00007ff87b569000 	C:\Windows\System32\msvcrt.dll
0x00007ff87b7f0000 - 0x00007ff87b81b000 	C:\Windows\System32\GDI32.dll
0x00007ff8793a0000 - 0x00007ff8794ca000 	C:\Windows\System32\gdi32full.dll
0x00007ff87a4f0000 - 0x00007ff87a593000 	C:\Windows\System32\msvcp_win.dll
0x00007ff87b730000 - 0x00007ff87b761000 	C:\Windows\System32\IMM32.DLL
0x00007ff874f70000 - 0x00007ff874f7c000 	c:\Users\ASUS\.vscode\extensions\redhat.java-1.53.0-win32-x64\jre\21.0.10-win32-x86_64\bin\vcruntime140_1.dll
0x00007ff867210000 - 0x00007ff86729d000 	c:\Users\ASUS\.vscode\extensions\redhat.java-1.53.0-win32-x64\jre\21.0.10-win32-x86_64\bin\msvcp140.dll
0x00007fffec440000 - 0x00007fffed1e1000 	c:\Users\ASUS\.vscode\extensions\redhat.java-1.53.0-win32-x64\jre\21.0.10-win32-x86_64\bin\server\jvm.dll
0x00007ff87b1a0000 - 0x00007ff87b25b000 	C:\Windows\System32\ADVAPI32.dll
0x00007ff87c4e0000 - 0x00007ff87c587000 	C:\Windows\System32\sechost.dll
0x00007ff87bb10000 - 0x00007ff87bc28000 	C:\Windows\System32\RPCRT4.dll
0x00007ff87a860000 - 0x00007ff87a8d4000 	C:\Windows\System32\WS2_32.dll
0x00007ff879200000 - 0x00007ff87925e000 	C:\Windows\SYSTEM32\POWRPROF.dll
0x00007ff871fb0000 - 0x00007ff871fbb000 	C:\Windows\SYSTEM32\VERSION.dll
0x00007ff86f6c0000 - 0x00007ff86f6f5000 	C:\Windows\SYSTEM32\WINMM.dll
0x00007ff8791e0000 - 0x00007ff8791f4000 	C:\Windows\SYSTEM32\UMPDC.dll
0x00007ff878130000 - 0x00007ff87814b000 	C:\Windows\SYSTEM32\kernel.appcore.dll
0x00007ff872cc0000 - 0x00007ff872cca000 	c:\Users\ASUS\.vscode\extensions\redhat.java-1.53.0-win32-x64\jre\21.0.10-win32-x86_64\bin\jimage.dll
0x00007ff86cc10000 - 0x00007ff86ce52000 	C:\Windows\SYSTEM32\DBGHELP.DLL
0x00007ff87ad40000 - 0x00007ff87b0c2000 	C:\Windows\System32\combase.dll
0x00007ff87b650000 - 0x00007ff87b727000 	C:\Windows\System32\OLEAUT32.dll
0x00007ff854130000 - 0x00007ff85416b000 	C:\Windows\SYSTEM32\dbgcore.DLL
0x00007ff87a7b0000 - 0x00007ff87a855000 	C:\Windows\System32\bcryptPrimitives.dll
0x00007ff872cb0000 - 0x00007ff872cbf000 	c:\Users\ASUS\.vscode\extensions\redhat.java-1.53.0-win32-x64\jre\21.0.10-win32-x86_64\bin\instrument.dll
0x00007ff866ab0000 - 0x00007ff866ad0000 	c:\Users\ASUS\.vscode\extensions\redhat.java-1.53.0-win32-x64\jre\21.0.10-win32-x86_64\bin\java.dll
0x00007ff87bd50000 - 0x00007ff87c4af000 	C:\Windows\System32\SHELL32.dll
0x00007ff879a50000 - 0x00007ff879bba000 	C:\Windows\System32\wintypes.dll
0x00007ff879bc0000 - 0x00007ff87a424000 	C:\Windows\System32\windows.storage.dll
0x00007ff87b8b0000 - 0x00007ff87b9a7000 	C:\Windows\System32\SHCORE.dll
0x00007ff87aca0000 - 0x00007ff87ad07000 	C:\Windows\System32\shlwapi.dll
0x00007ff8792c0000 - 0x00007ff8792e9000 	C:\Windows\SYSTEM32\profapi.dll
0x00007ff866a30000 - 0x00007ff866a48000 	c:\Users\ASUS\.vscode\extensions\redhat.java-1.53.0-win32-x64\jre\21.0.10-win32-x86_64\bin\zip.dll
0x00007ff872ca0000 - 0x00007ff872cb0000 	C:\Users\ASUS\.vscode\extensions\redhat.java-1.53.0-win32-x64\jre\21.0.10-win32-x86_64\bin\net.dll
0x00007ff872420000 - 0x00007ff872547000 	C:\Windows\SYSTEM32\WINHTTP.dll
0x00007ff8786a0000 - 0x00007ff87870b000 	C:\Windows\system32\mswsock.dll
0x00007ff866a90000 - 0x00007ff866aa6000 	C:\Users\ASUS\.vscode\extensions\redhat.java-1.53.0-win32-x64\jre\21.0.10-win32-x86_64\bin\nio.dll
0x00007ff867200000 - 0x00007ff867210000 	c:\Users\ASUS\.vscode\extensions\redhat.java-1.53.0-win32-x64\jre\21.0.10-win32-x86_64\bin\verify.dll
0x00007ff865b90000 - 0x00007ff865bd5000 	C:\Users\ASUS\AppData\Roaming\Code\User\globalStorage\redhat.java\1.53.0\config_win\org.eclipse.equinox.launcher\org.eclipse.equinox.launcher.win32.win32.x86_64_1.3.0.v20260203-2149\eclipse_11919.dll
0x00007ff87b320000 - 0x00007ff87b4b5000 	C:\Windows\System32\ole32.dll
0x00007ff878980000 - 0x00007ff87899b000 	C:\Windows\SYSTEM32\CRYPTSP.dll
0x00007ff878090000 - 0x00007ff8780c9000 	C:\Windows\system32\rsaenh.dll
0x00007ff878750000 - 0x00007ff878782000 	C:\Windows\SYSTEM32\USERENV.dll
0x00007ff879290000 - 0x00007ff8792ba000 	C:\Windows\SYSTEM32\bcrypt.dll
0x00007ff8789a0000 - 0x00007ff8789ac000 	C:\Windows\SYSTEM32\CRYPTBASE.dll
0x00007ff877b50000 - 0x00007ff877b83000 	C:\Windows\SYSTEM32\IPHLPAPI.DLL
0x00007ff87ca20000 - 0x00007ff87ca2a000 	C:\Windows\System32\NSI.dll
0x00007ff85c9d0000 - 0x00007ff85ca19000 	C:\Users\ASUS\AppData\Local\Temp\jna-2018896\jna12152540537424600021.dll
0x00007ff87aac0000 - 0x00007ff87aac8000 	C:\Windows\System32\PSAPI.DLL
0x00007ff8738b0000 - 0x00007ff8738cd000 	C:\Windows\SYSTEM32\dhcpcsvc6.DLL
0x00007ff873800000 - 0x00007ff873823000 	C:\Windows\SYSTEM32\dhcpcsvc.DLL
0x00007ff866ae0000 - 0x00007ff866aee000 	C:\Users\ASUS\.vscode\extensions\redhat.java-1.53.0-win32-x64\jre\21.0.10-win32-x86_64\bin\sunmscapi.dll
0x00007ff8794d0000 - 0x00007ff879647000 	C:\Windows\System32\CRYPT32.dll
0x00007ff878ba0000 - 0x00007ff878bd0000 	C:\Windows\SYSTEM32\ncrypt.dll
0x00007ff878b50000 - 0x00007ff878b8f000 	C:\Windows\SYSTEM32\NTASN1.dll
0x00007ff877bf0000 - 0x00007ff877d1a000 	C:\Windows\SYSTEM32\DNSAPI.dll
0x00007ff871fc0000 - 0x00007ff871fcb000 	C:\Windows\System32\rasadhlp.dll
0x00007ff8739f0000 - 0x00007ff873a76000 	C:\Windows\System32\fwpuclnt.dll
0x00007ff866a80000 - 0x00007ff866a89000 	C:\Users\ASUS\.vscode\extensions\redhat.java-1.53.0-win32-x64\jre\21.0.10-win32-x86_64\bin\extnet.dll

JVMTI agents:
c:\Users\ASUS\.vscode\extensions\redhat.java-1.53.0-win32-x64\lombok\lombok-1.18.39-4050.jar path:c:\Users\ASUS\.vscode\extensions\redhat.java-1.53.0-win32-x64\jre\21.0.10-win32-x86_64\bin\instrument.dll, loaded, initialized, instrumentlib options:none

dbghelp: loaded successfully - version: 4.0.5 - missing functions: none
symbol engine: initialized successfully - sym options: 0x614 - pdb path: .;c:\Users\ASUS\.vscode\extensions\redhat.java-1.53.0-win32-x64\jre\21.0.10-win32-x86_64\bin;C:\Windows\SYSTEM32;C:\Windows\WinSxS\amd64_microsoft.windows.common-controls_6595b64144ccf1df_6.0.26100.7922_none_3e089e1ee3342171;c:\Users\ASUS\.vscode\extensions\redhat.java-1.53.0-win32-x64\jre\21.0.10-win32-x86_64\bin\server;C:\Users\ASUS\AppData\Roaming\Code\User\globalStorage\redhat.java\1.53.0\config_win\org.eclipse.equinox.launcher\org.eclipse.equinox.launcher.win32.win32.x86_64_1.3.0.v20260203-2149;C:\Users\ASUS\AppData\Local\Temp\jna-2018896

VM Arguments:
jvm_args: --add-modules=ALL-SYSTEM --add-opens=java.base/java.util=ALL-UNNAMED --add-opens=java.base/java.lang=ALL-UNNAMED --add-opens=java.base/sun.nio.fs=ALL-UNNAMED -Declipse.application=org.eclipse.jdt.ls.core.id1 -Dosgi.bundles.defaultStartLevel=4 -Declipse.product=org.eclipse.jdt.ls.core.product -Djava.import.generatesMetadataFilesAtProjectRoot=false -DDetectVMInstallationsJob.disabled=true -Dfile.encoding=utf8 -XX:+UseParallelGC -XX:GCTimeRatio=4 -XX:AdaptiveSizePolicyWeight=90 -Dsun.zip.disableMemoryMapping=true -Xmx2G -Xms100m -Xlog:disable -javaagent:c:\Users\ASUS\.vscode\extensions\redhat.java-1.53.0-win32-x64\lombok\lombok-1.18.39-4050.jar -XX:+HeapDumpOnOutOfMemoryError -XX:HeapDumpPath=c:\Users\ASUS\AppData\Roaming\Code\User\workspaceStorage\9bd25d08c76492e86a1692e3bad11654\redhat.java -Daether.dependencyCollector.impl=bf 
java_command: c:\Users\ASUS\.vscode\extensions\redhat.java-1.53.0-win32-x64\server\plugins\org.eclipse.equinox.launcher_1.7.100.v20251111-0406.jar -configuration c:\Users\ASUS\AppData\Roaming\Code\User\globalStorage\redhat.java\1.53.0\config_win -data c:\Users\ASUS\AppData\Roaming\Code\User\workspaceStorage\9bd25d08c76492e86a1692e3bad11654\redhat.java\jdt_ws --pipe=\\.\pipe\lsp-8cc412dd03251d6392973e03c163d6e3-sock
java_class_path (initial): c:\Users\ASUS\.vscode\extensions\redhat.java-1.53.0-win32-x64\server\plugins\org.eclipse.equinox.launcher_1.7.100.v20251111-0406.jar
Launcher Type: SUN_STANDARD

[Global flags]
    uintx AdaptiveSizePolicyWeight                 = 90                                        {product} {command line}
     intx CICompilerCount                          = 12                                        {product} {ergonomic}
    uintx GCTimeRatio                              = 4                                         {product} {command line}
     bool HeapDumpOnOutOfMemoryError               = true                                   {manageable} {command line}
    ccstr HeapDumpPath                             = c:\Users\ASUS\AppData\Roaming\Code\User\workspaceStorage\9bd25d08c76492e86a1692e3bad11654\redhat.java         {manageable} {command line}
   size_t InitialHeapSize                          = 104857600                                 {product} {command line}
   size_t MaxHeapSize                              = 2147483648                                {product} {command line}
   size_t MaxNewSize                               = 715653120                                 {product} {ergonomic}
   size_t MinHeapDeltaBytes                        = 524288                                    {product} {ergonomic}
   size_t MinHeapSize                              = 104857600                                 {product} {command line}
   size_t NewSize                                  = 34603008                                  {product} {ergonomic}
    uintx NonNMethodCodeHeapSize                   = 7602480                                {pd product} {ergonomic}
    uintx NonProfiledCodeHeapSize                  = 122027880                              {pd product} {ergonomic}
   size_t OldSize                                  = 70254592                                  {product} {ergonomic}
    uintx ProfiledCodeHeapSize                     = 122027880                              {pd product} {ergonomic}
    uintx ReservedCodeCacheSize                    = 251658240                              {pd product} {ergonomic}
     bool SegmentedCodeCache                       = true                                      {product} {ergonomic}
   size_t SoftMaxHeapSize                          = 2147483648                             {manageable} {ergonomic}
     bool UseCompressedOops                        = true                           {product lp64_product} {ergonomic}
     bool UseLargePagesIndividualAllocation        = false                                  {pd product} {ergonomic}
     bool UseParallelGC                            = true                                      {product} {command line}

Logging:
Log output configuration:
 #0: stdout all=off uptime,level,tags foldmultilines=false
 #1: stderr all=off uptime,level,tags foldmultilines=false

Release file:
JAVA_VERSION="21.0.10" 
MODULES="java.base java.compiler java.datatransfer java.xml java.prefs java.desktop java.instrument java.logging java.management java.security.sasl java.naming java.rmi java.management.rmi java.net.http java.scripting java.security.jgss java.transaction.xa java.sql java.sql.rowset java.xml.crypto java.se java.smartcardio jdk.accessibility jdk.internal.jvmstat jdk.attach jdk.charsets jdk.internal.opt jdk.zipfs jdk.compiler jdk.crypto.ec jdk.crypto.cryptoki jdk.crypto.mscapi jdk.dynalink jdk.internal.ed jdk.editpad jdk.hotspot.agent jdk.httpserver jdk.internal.le jdk.internal.vm.ci jdk.internal.vm.compiler jdk.internal.vm.compiler.management jdk.jartool jdk.javadoc jdk.jcmd jdk.management jdk.management.agent jdk.jconsole jdk.jdeps jdk.jdwp.agent jdk.jdi jdk.jfr jdk.jshell jdk.jsobject jdk.jstatd jdk.localedata jdk.management.jfr jdk.naming.dns jdk.naming.rmi jdk.net jdk.nio.mapmode jdk.random jdk.sctp jdk.security.auth jdk.security.jgss jdk.unsupported jdk.unsupported.desktop jdk.xml.dom" 

Environment Variables:
PATH=C:\Users\ASUS\AppData\Local\Programs\Microsoft VS Code;C:\Program Files\Common Files\Oracle\Java\javapath;C:\Windows\system32;C:\Windows;C:\Windows\System32\Wbem;C:\Windows\System32\WindowsPowerShell\v1.0\;C:\Windows\System32\OpenSSH\;C:\Program Files (x86)\NVIDIA Corporation\PhysX\Common;C:\Program Files\NVIDIA Corporation\NVIDIA NvDLISR;C:\Program Files\dotnet\;C:\MinGW\bin;C:\Applications\Compiler\bin;C:\Program Files\Git\cmd;C:\Program Files\nodejs\;C:\ghcup\ghc\9.6.7\bin;C:\Users\ASUS\AppData\Local\Programs\Python\Python313\Scripts\;C:\Users\ASUS\AppData\Local\Programs\Python\Python313\;C:\Users\ASUS\AppData\Local\Microsoft\WindowsApps;C:\Users\ASUS\AppData\Local\Programs\Microsoft VS Code\bin;C:\msys64\ucrt64\bin;C:\Applications\Compiler\bin;C:\Applications\New folder\bin;C:\Users\ASUS\AppData\Roaming\npm;C:\Users\ASUS\AppData\Local\Programs\Antigravity\bin;C:\ghcup\bin
USERNAME=ASUS
OS=Windows_NT
PROCESSOR_IDENTIFIER=AMD64 Family 25 Model 68 Stepping 1, AuthenticAMD
TMP=C:\Users\ASUS\AppData\Local\Temp
TEMP=C:\Users\ASUS\AppData\Local\Temp




Periodic native trim disabled

---------------  S Y S T E M  ---------------

OS:
 Windows 11 , 64 bit Build 26100 (10.0.26100.7920)
OS uptime: 11 days 1:43 hours
Hyper-V role detected

CPU: total 16 (initial active 16) (16 cores per cpu, 2 threads per core) family 25 model 68 stepping 1 microcode 0xa404107, cx8, cmov, fxsr, ht, mmx, 3dnowpref, sse, sse2, sse3, ssse3, sse4a, sse4.1, sse4.2, popcnt, lzcnt, tsc, tscinvbit, avx, avx2, aes, erms, clmul, bmi1, bmi2, adx, sha, fma, vzeroupper, clflush, clflushopt, hv, rdtscp, rdpid, fsrm, f16c, cet_ss
Processor Information for the first 16 processors :
  Max Mhz: 3100, Current Mhz: 3100, Mhz Limit: 3100

Memory: 4k page, system-wide physical 8010M (1032M free)
TotalPageFile size 27055M (AvailPageFile size 103M)
current process WorkingSet (physical memory assigned to process): 8M, peak: 995M
current process commit charge ("private bytes"): 1609M, peak: 1808M

vm_info: OpenJDK 64-Bit Server VM (21.0.10+7-LTS) for windows-amd64 JRE (21.0.10+7-LTS), built on 2026-01-20T00:00:00Z by "admin" with MS VC++ 17.12 (VS2022)

END.
